<?xml version="1.0" encoding="utf-8"?>
<test-run id="2" testcasecount="18" result="Failed(Child)" total="18" passed="9" failed="9" inconclusive="0" skipped="0" asserts="0" engine-version="3.5.0.0" clr-version="4.0.30319.42000" start-time="2026-05-24 12:49:33Z" end-time="2026-05-24 12:49:33Z" duration="0.1717568">
  <test-suite type="TestSuite" id="1030" name="Mnet" fullname="Mnet" runstate="Runnable" testcasecount="18" result="Failed" site="Child" start-time="2026-05-24 12:49:33Z" end-time="2026-05-24 12:49:33Z" duration="0.171757" total="18" passed="9" failed="9" inconclusive="0" skipped="0" asserts="0">
    <properties>
      <property name="platform" value="EditMode" />
    </properties>
    <failure>
      <message><![CDATA[One or more child tests had errors]]></message>
    </failure>
    <test-suite type="Assembly" id="1020" name="MachineNet.Kernel.Tests.dll" fullname="C:/MnetUni/Mnet/Library/ScriptAssemblies/MachineNet.Kernel.Tests.dll" runstate="Runnable" testcasecount="18" result="Failed" site="Child" start-time="2026-05-24 12:49:33Z" end-time="2026-05-24 12:49:33Z" duration="0.157666" total="18" passed="9" failed="9" inconclusive="0" skipped="0" asserts="0">
      <properties>
        <property name="_PID" value="24664" />
        <property name="_APPDOMAIN" value="Unity Child Domain" />
        <property name="platform" value="EditMode" />
        <property name="EditorOnly" value="True" />
      </properties>
      <failure>
        <message><![CDATA[One or more child tests had errors]]></message>
      </failure>
      <test-suite type="TestSuite" id="1021" name="MachineNet" fullname="MachineNet" runstate="Runnable" testcasecount="18" result="Failed" site="Child" start-time="2026-05-24 12:49:33Z" end-time="2026-05-24 12:49:33Z" duration="0.156769" total="18" passed="9" failed="9" inconclusive="0" skipped="0" asserts="0">
        <properties />
        <failure>
          <message><![CDATA[One or more child tests had errors]]></message>
        </failure>
        <test-suite type="TestSuite" id="1022" name="Tests" fullname="MachineNet.Tests" runstate="Runnable" testcasecount="18" result="Failed" site="Child" start-time="2026-05-24 12:49:33Z" end-time="2026-05-24 12:49:33Z" duration="0.156059" total="18" passed="9" failed="9" inconclusive="0" skipped="0" asserts="0">
          <properties />
          <failure>
            <message><![CDATA[One or more child tests had errors]]></message>
          </failure>
          <test-suite type="TestFixture" id="1001" name="GKTests" fullname="MachineNet.Tests.GKTests" classname="MachineNet.Tests.GKTests" runstate="Runnable" testcasecount="18" result="Failed" site="Child" start-time="2026-05-24 12:49:33Z" end-time="2026-05-24 12:49:33Z" duration="0.154049" total="18" passed="9" failed="9" inconclusive="0" skipped="0" asserts="0">
            <properties />
            <failure>
              <message><![CDATA[One or more child tests had errors]]></message>
            </failure>
            <test-case id="1009" name="BuildC60_AllFacesAtLevelZero" fullname="MachineNet.Tests.GKTests.BuildC60_AllFacesAtLevelZero" methodname="BuildC60_AllFacesAtLevelZero" classname="MachineNet.Tests.GKTests" runstate="Runnable" seed="996300140" result="Passed" start-time="2026-05-24 12:49:33Z" end-time="2026-05-24 12:49:33Z" duration="0.018911" asserts="0">
              <properties>
                <property name="retryIteration" value="0" />
                <property name="repeatIteration" value="0" />
              </properties>
            </test-case>
            <test-case id="1007" name="BuildC60_EulerCharacteristicIsTwo" fullname="MachineNet.Tests.GKTests.BuildC60_EulerCharacteristicIsTwo" methodname="BuildC60_EulerCharacteristicIsTwo" classname="MachineNet.Tests.GKTests" runstate="Runnable" seed="416710056" result="Failed" start-time="2026-05-24 12:49:33Z" end-time="2026-05-24 12:49:33Z" duration="0.006810" asserts="0">
              <properties>
                <property name="retryIteration" value="0" />
                <property name="repeatIteration" value="0" />
              </properties>
              <failure>
                <message><![CDATA[  Euler: V - E + F must equal 2 (sphere topology, chi=2).
  Expected: 2
  But was:  -56
]]></message>
                <stack-trace><![CDATA[at MachineNet.Tests.GKTests.BuildC60_EulerCharacteristicIsTwo () [0x00020] in C:\MnetUni\Mnet\Assets\Kernel\Tests 1\GKTests.cs:70
]]></stack-trace>
              </failure>
            </test-case>
            <test-case id="1002" name="BuildC60_ExactlyTwelvePentagons" fullname="MachineNet.Tests.GKTests.BuildC60_ExactlyTwelvePentagons" methodname="BuildC60_ExactlyTwelvePentagons" classname="MachineNet.Tests.GKTests" runstate="Runnable" seed="290186247" result="Failed" start-time="2026-05-24 12:49:33Z" end-time="2026-05-24 12:49:33Z" duration="0.001807" asserts="0">
              <properties>
                <property name="retryIteration" value="0" />
                <property name="repeatIteration" value="0" />
              </properties>
              <failure>
                <message><![CDATA[  C60 must have exactly 12 pentagons. Euler says so.
  Expected: 12
  But was:  24
]]></message>
                <stack-trace><![CDATA[at MachineNet.Tests.GKTests.BuildC60_ExactlyTwelvePentagons () [0x0000b] in C:\MnetUni\Mnet\Assets\Kernel\Tests 1\GKTests.cs:24
]]></stack-trace>
              </failure>
            </test-case>
            <test-case id="1003" name="BuildC60_ExactlyTwentyHexagons" fullname="MachineNet.Tests.GKTests.BuildC60_ExactlyTwentyHexagons" methodname="BuildC60_ExactlyTwentyHexagons" classname="MachineNet.Tests.GKTests" runstate="Runnable" seed="1379444102" result="Failed" start-time="2026-05-24 12:49:33Z" end-time="2026-05-24 12:49:33Z" duration="0.001724" asserts="0">
              <properties>
                <property name="retryIteration" value="0" />
                <property name="repeatIteration" value="0" />
              </properties>
              <failure>
                <message><![CDATA[  C60 base has 20 hexagons.
  Expected: 20
  But was:  40
]]></message>
                <stack-trace><![CDATA[at MachineNet.Tests.GKTests.BuildC60_ExactlyTwentyHexagons () [0x0000b] in C:\MnetUni\Mnet\Assets\Kernel\Tests 1\GKTests.cs:33
]]></stack-trace>
              </failure>
            </test-case>
            <test-case id="1005" name="BuildC60_NinetyEdges" fullname="MachineNet.Tests.GKTests.BuildC60_NinetyEdges" methodname="BuildC60_NinetyEdges" classname="MachineNet.Tests.GKTests" runstate="Runnable" seed="54753204" result="Failed" start-time="2026-05-24 12:49:33Z" end-time="2026-05-24 12:49:33Z" duration="0.002031" asserts="0">
              <properties>
                <property name="retryIteration" value="0" />
                <property name="repeatIteration" value="0" />
              </properties>
              <failure>
                <message><![CDATA[  C60: E = 90.
  Expected: 90
  But was:  180
]]></message>
                <stack-trace><![CDATA[at MachineNet.Tests.GKTests.BuildC60_NinetyEdges () [0x0000b] in C:\MnetUni\Mnet\Assets\Kernel\Tests 1\GKTests.cs:51
]]></stack-trace>
              </failure>
            </test-case>
            <test-case id="1004" name="BuildC60_SixtyVertices" fullname="MachineNet.Tests.GKTests.BuildC60_SixtyVertices" methodname="BuildC60_SixtyVertices" classname="MachineNet.Tests.GKTests" runstate="Runnable" seed="687397644" result="Passed" start-time="2026-05-24 12:49:33Z" end-time="2026-05-24 12:49:33Z" duration="0.001561" asserts="0">
              <properties>
                <property name="retryIteration" value="0" />
                <property name="repeatIteration" value="0" />
              </properties>
            </test-case>
            <test-case id="1006" name="BuildC60_ThirtyTwoFaces" fullname="MachineNet.Tests.GKTests.BuildC60_ThirtyTwoFaces" methodname="BuildC60_ThirtyTwoFaces" classname="MachineNet.Tests.GKTests" runstate="Runnable" seed="1967933978" result="Failed" start-time="2026-05-24 12:49:33Z" end-time="2026-05-24 12:49:33Z" duration="0.001669" asserts="0">
              <properties>
                <property name="retryIteration" value="0" />
                <property name="repeatIteration" value="0" />
              </properties>
              <failure>
                <message><![CDATA[  C60: F = 32.
  Expected: 32
  But was:  64
]]></message>
                <stack-trace><![CDATA[at MachineNet.Tests.GKTests.BuildC60_ThirtyTwoFaces () [0x0000b] in C:\MnetUni\Mnet\Assets\Kernel\Tests 1\GKTests.cs:60
]]></stack-trace>
              </failure>
            </test-case>
            <test-case id="1008" name="BuildC60_TwelveAnchorsDefined" fullname="MachineNet.Tests.GKTests.BuildC60_TwelveAnchorsDefined" methodname="BuildC60_TwelveAnchorsDefined" classname="MachineNet.Tests.GKTests" runstate="Runnable" seed="1769088124" result="Failed" start-time="2026-05-24 12:49:33Z" end-time="2026-05-24 12:49:33Z" duration="0.001619" asserts="0">
              <properties>
                <property name="retryIteration" value="0" />
                <property name="repeatIteration" value="0" />
              </properties>
              <failure>
                <message><![CDATA[  Each pentagon gets its own anchor. 12 pentagons = 12 anchors.
  Expected: 12
  But was:  24
]]></message>
                <stack-trace><![CDATA[at MachineNet.Tests.GKTests.BuildC60_TwelveAnchorsDefined () [0x0000b] in C:\MnetUni\Mnet\Assets\Kernel\Tests 1\GKTests.cs:79
]]></stack-trace>
              </failure>
            </test-case>
            <test-case id="1018" name="FaceLocalFrame_NormalIsUnitVector" fullname="MachineNet.Tests.GKTests.FaceLocalFrame_NormalIsUnitVector" methodname="FaceLocalFrame_NormalIsUnitVector" classname="MachineNet.Tests.GKTests" runstate="Runnable" seed="2011987246" result="Passed" start-time="2026-05-24 12:49:33Z" end-time="2026-05-24 12:49:33Z" duration="0.001872" asserts="0">
              <properties>
                <property name="retryIteration" value="0" />
                <property name="repeatIteration" value="0" />
              </properties>
            </test-case>
            <test-case id="1019" name="FaceLocalFrame_TangentOrthogonalToNormal" fullname="MachineNet.Tests.GKTests.FaceLocalFrame_TangentOrthogonalToNormal" methodname="FaceLocalFrame_TangentOrthogonalToNormal" classname="MachineNet.Tests.GKTests" runstate="Runnable" seed="1851308896" result="Passed" start-time="2026-05-24 12:49:33Z" end-time="2026-05-24 12:49:33Z" duration="0.003660" asserts="0">
              <properties>
                <property name="retryIteration" value="0" />
                <property name="repeatIteration" value="0" />
              </properties>
            </test-case>
            <test-case id="1011" name="RefineAll_LevelIncreases" fullname="MachineNet.Tests.GKTests.RefineAll_LevelIncreases" methodname="RefineAll_LevelIncreases" classname="MachineNet.Tests.GKTests" runstate="Runnable" seed="1834358998" result="Passed" start-time="2026-05-24 12:49:33Z" end-time="2026-05-24 12:49:33Z" duration="0.013038" asserts="0">
              <properties>
                <property name="retryIteration" value="0" />
                <property name="repeatIteration" value="0" />
              </properties>
            </test-case>
            <test-case id="1010" name="RefineAll_PentagonCountStaysTwelve" fullname="MachineNet.Tests.GKTests.RefineAll_PentagonCountStaysTwelve" methodname="RefineAll_PentagonCountStaysTwelve" classname="MachineNet.Tests.GKTests" runstate="Runnable" seed="1847379226" result="Failed" start-time="2026-05-24 12:49:33Z" end-time="2026-05-24 12:49:33Z" duration="0.010152" asserts="0">
              <properties>
                <property name="retryIteration" value="0" />
                <property name="repeatIteration" value="0" />
              </properties>
              <failure>
                <message><![CDATA[  After RefineAll: pentagon count must stay exactly 12. Always.
  Expected: 12
  But was:  24
]]></message>
                <stack-trace><![CDATA[at MachineNet.Tests.GKTests.RefineAll_PentagonCountStaysTwelve () [0x00011] in C:\MnetUni\Mnet\Assets\Kernel\Tests 1\GKTests.cs:102
]]></stack-trace>
              </failure>
            </test-case>
            <test-case id="1012" name="RefineAll_TwicePentagonCountStillTwelve" fullname="MachineNet.Tests.GKTests.RefineAll_TwicePentagonCountStillTwelve" methodname="RefineAll_TwicePentagonCountStillTwelve" classname="MachineNet.Tests.GKTests" runstate="Runnable" seed="662227021" result="Failed" start-time="2026-05-24 12:49:33Z" end-time="2026-05-24 12:49:33Z" duration="0.063282" asserts="0">
              <properties>
                <property name="retryIteration" value="0" />
                <property name="repeatIteration" value="0" />
              </properties>
              <failure>
                <message><![CDATA[  After two RefineAll passes: still 12 pentagons. Forever.
  Expected: 12
  But was:  24
]]></message>
                <stack-trace><![CDATA[at MachineNet.Tests.GKTests.RefineAll_TwicePentagonCountStillTwelve () [0x00017] in C:\MnetUni\Mnet\Assets\Kernel\Tests 1\GKTests.cs:123
]]></stack-trace>
              </failure>
            </test-case>
            <test-case id="1013" name="RefineOne_PentagonCountPreserved" fullname="MachineNet.Tests.GKTests.RefineOne_PentagonCountPreserved" methodname="RefineOne_PentagonCountPreserved" classname="MachineNet.Tests.GKTests" runstate="Runnable" seed="1314324005" result="Failed" start-time="2026-05-24 12:49:33Z" end-time="2026-05-24 12:49:33Z" duration="0.005993" asserts="0">
              <properties>
                <property name="retryIteration" value="0" />
                <property name="repeatIteration" value="0" />
              </properties>
              <failure>
                <message><![CDATA[  RefineOne on a pent: still 12 pentagons (inner pent replaces parent).
  Expected: 12
  But was:  24
]]></message>
                <stack-trace><![CDATA[at MachineNet.Tests.GKTests.RefineOne_PentagonCountPreserved () [0x00048] in C:\MnetUni\Mnet\Assets\Kernel\Tests 1\GKTests.cs:137
]]></stack-trace>
              </failure>
            </test-case>
            <test-case id="1017" name="VCross_Perpendicular" fullname="MachineNet.Tests.GKTests.VCross_Perpendicular" methodname="VCross_Perpendicular" classname="MachineNet.Tests.GKTests" runstate="Runnable" seed="869868882" result="Passed" start-time="2026-05-24 12:49:33Z" end-time="2026-05-24 12:49:33Z" duration="0.000386" asserts="0">
              <properties>
                <property name="retryIteration" value="0" />
                <property name="repeatIteration" value="0" />
              </properties>
            </test-case>
            <test-case id="1016" name="VLerp_AtOneReturnsB" fullname="MachineNet.Tests.GKTests.VLerp_AtOneReturnsB" methodname="VLerp_AtOneReturnsB" classname="MachineNet.Tests.GKTests" runstate="Runnable" seed="673818855" result="Passed" start-time="2026-05-24 12:49:33Z" end-time="2026-05-24 12:49:33Z" duration="0.000274" asserts="0">
              <properties>
                <property name="retryIteration" value="0" />
                <property name="repeatIteration" value="0" />
              </properties>
            </test-case>
            <test-case id="1015" name="VLerp_AtZeroReturnsA" fullname="MachineNet.Tests.GKTests.VLerp_AtZeroReturnsA" methodname="VLerp_AtZeroReturnsA" classname="MachineNet.Tests.GKTests" runstate="Runnable" seed="451469578" result="Passed" start-time="2026-05-24 12:49:33Z" end-time="2026-05-24 12:49:33Z" duration="0.000255" asserts="0">
              <properties>
                <property name="retryIteration" value="0" />
                <property name="repeatIteration" value="0" />
              </properties>
            </test-case>
            <test-case id="1014" name="VNorm_ReturnsUnitVector" fullname="MachineNet.Tests.GKTests.VNorm_ReturnsUnitVector" methodname="VNorm_ReturnsUnitVector" classname="MachineNet.Tests.GKTests" runstate="Runnable" seed="994351763" result="Passed" start-time="2026-05-24 12:49:33Z" end-time="2026-05-24 12:49:33Z" duration="0.000221" asserts="0">
              <properties>
                <property name="retryIteration" value="0" />
                <property name="repeatIteration" value="0" />
              </properties>
              <output><![CDATA[Saving results to: C:/Users/vladi/AppData/LocalLow/DefaultCompany/Mnet\TestResults.xml
]]></output>
            </test-case>
          </test-suite>
        </test-suite>
      </test-suite>
    </test-suite>
  </test-suite>
</test-run>